2021-07-25 00:02:36,883 INFO PERFORMANCE:|0|0|-1|-1

2021-07-25 00:07:36,886 INFO PERFORMANCE:|0|0|-1|-1

2021-07-25 00:12:36,888 INFO PERFORMANCE:|0|0|-1|-1

2021-07-25 00:17:36,889 INFO PERFORMANCE:|0|0|-1|-1

2021-07-25 00:22:36,889 INFO PERFORMANCE:|0|0|-1|-1

2021-07-25 00:27:36,890 INFO PERFORMANCE:|0|0|-1|-1

2021-07-25 10:58:21,803 INFO PERFORMANCE:|0|0|-1|-1

2021-07-25 11:03:21,804 INFO PERFORMANCE:|0|0|-1|-1

2021-07-25 11:08:21,805 INFO PERFORMANCE:|0|0|-1|-1

2021-07-25 11:13:21,852 INFO PERFORMANCE:|5|0|-1|-1

2021-07-25 11:18:21,874 INFO PERFORMANCE:|0|0|-1|-1

2021-07-25 11:23:21,875 INFO PERFORMANCE:|0|0|-1|-1

2021-07-25 11:28:21,876 INFO PERFORMANCE:|5|5|-1|-1

2021-07-25 11:33:21,877 INFO PERFORMANCE:|0|0|-1|-1

2021-07-25 11:38:21,879 INFO PERFORMANCE:|0|0|-1|-1

2021-07-25 11:43:21,880 INFO PERFORMANCE:|0|0|-1|-1

2021-07-25 11:48:21,882 INFO PERFORMANCE:|5|5|-1|-1

2021-07-25 11:53:21,883 INFO PERFORMANCE:|5|0|-1|-1

2021-07-25 11:58:21,885 INFO PERFORMANCE:|0|0|-1|-1

2021-07-25 12:03:21,886 INFO PERFORMANCE:|0|0|-1|-1

2021-07-25 12:08:21,887 INFO PERFORMANCE:|0|0|-1|-1

2021-07-25 12:13:21,887 INFO PERFORMANCE:|0|0|-1|-1

2021-07-25 12:18:21,889 INFO PERFORMANCE:|0|0|-1|-1

2021-07-25 12:23:21,890 INFO PERFORMANCE:|0|0|-1|-1

2021-07-25 12:28:21,891 INFO PERFORMANCE:|0|0|-1|-1

2021-07-25 12:33:21,892 INFO PERFORMANCE:|0|0|-1|-1

2021-07-25 12:38:21,892 INFO PERFORMANCE:|0|0|-1|-1

2021-07-25 12:43:21,893 INFO PERFORMANCE:|0|0|-1|-1

2021-07-25 12:48:21,893 INFO PERFORMANCE:|0|0|-1|-1

2021-07-25 12:53:21,894 INFO PERFORMANCE:|0|0|-1|-1

2021-07-25 12:58:21,894 INFO PERFORMANCE:|0|0|-1|-1

2021-07-25 13:03:21,896 INFO PERFORMANCE:|0|0|-1|-1

2021-07-25 13:08:21,896 INFO PERFORMANCE:|0|0|-1|-1

2021-07-25 13:13:21,897 INFO PERFORMANCE:|0|0|-1|-1

2021-07-25 13:18:21,898 INFO PERFORMANCE:|0|0|-1|-1

2021-07-25 13:23:21,899 INFO PERFORMANCE:|0|0|-1|-1

2021-07-25 13:28:21,900 INFO PERFORMANCE:|0|0|-1|-1

2021-07-25 13:33:21,902 INFO PERFORMANCE:|0|0|-1|-1

2021-07-25 13:38:21,902 INFO PERFORMANCE:|0|0|-1|-1

2021-07-25 13:43:21,904 INFO PERFORMANCE:|0|0|-1|-1

2021-07-25 13:48:21,904 INFO PERFORMANCE:|0|0|-1|-1

2021-07-25 13:53:21,905 INFO PERFORMANCE:|0|0|-1|-1

2021-07-25 13:58:21,906 INFO PERFORMANCE:|5|5|-1|-1

2021-07-25 14:03:21,906 INFO PERFORMANCE:|0|0|-1|-1

2021-07-25 14:08:21,908 INFO PERFORMANCE:|0|0|-1|-1

2021-07-25 14:13:21,943 INFO PERFORMANCE:|0|0|-1|-1

2021-07-25 14:18:21,944 INFO PERFORMANCE:|5|5|-1|-1

2021-07-25 14:23:21,945 INFO PERFORMANCE:|0|0|-1|-1

2021-07-25 14:28:21,947 INFO PERFORMANCE:|0|0|-1|-1

2021-07-25 14:33:21,948 INFO PERFORMANCE:|0|0|-1|-1

2021-07-25 14:38:21,948 INFO PERFORMANCE:|0|0|-1|-1

2021-07-25 14:43:21,949 INFO PERFORMANCE:|0|0|-1|-1

2021-07-25 14:48:21,951 INFO PERFORMANCE:|0|0|-1|-1

2021-07-25 14:53:21,953 INFO PERFORMANCE:|0|0|-1|-1

2021-07-25 14:58:21,953 INFO PERFORMANCE:|0|0|-1|-1

2021-07-25 15:03:21,955 INFO PERFORMANCE:|0|0|-1|-1

2021-07-25 15:08:21,956 INFO PERFORMANCE:|0|0|-1|-1

2021-07-25 15:13:21,957 INFO PERFORMANCE:|0|0|-1|-1

2021-07-25 15:18:21,957 INFO PERFORMANCE:|0|0|-1|-1

2021-07-25 15:23:21,957 INFO PERFORMANCE:|0|0|-1|-1

2021-07-25 15:28:21,957 INFO PERFORMANCE:|0|0|-1|-1

2021-07-25 15:33:21,981 INFO PERFORMANCE:|0|0|-1|-1

2021-07-25 15:38:21,984 INFO PERFORMANCE:|0|0|-1|-1

2021-07-25 15:43:21,986 INFO PERFORMANCE:|0|0|-1|-1

2021-07-25 15:48:21,986 INFO PERFORMANCE:|0|0|-1|-1

2021-07-25 15:53:21,986 INFO PERFORMANCE:|1|1|-1|-1

2021-07-25 15:58:21,988 INFO PERFORMANCE:|1|1|-1|-1

2021-07-25 16:03:21,989 INFO PERFORMANCE:|1|1|-1|-1

2021-07-25 16:08:21,990 INFO PERFORMANCE:|4|0|-1|-1

2021-07-25 16:13:21,991 INFO PERFORMANCE:|0|0|-1|-1

2021-07-25 16:18:21,992 INFO PERFORMANCE:|5|0|-1|-1

