2021-07-25 11:09:24,623 INFO add listener: com.alibaba.nacos.naming.iplist.public##DEFAULT_GROUP@@secondkill-goods

2021-07-25 11:09:34,262 INFO add listener: com.alibaba.nacos.naming.iplist.public##DEFAULT_GROUP@@secondkill-user

2021-07-25 11:09:41,654 INFO add listener: com.alibaba.nacos.naming.iplist.public##DEFAULT_GROUP@@secondkill-auth

2021-07-25 11:09:48,771 INFO add listener: com.alibaba.nacos.naming.iplist.public##DEFAULT_GROUP@@secondkill-order

2021-07-25 11:09:49,413 INFO add listener: com.alibaba.nacos.naming.iplist.public##DEFAULT_GROUP@@secondkill-zuul

2021-07-25 11:13:56,450 INFO [RAFT-NOTIFIER] datum is deleted, key: com.alibaba.nacos.naming.domains.meta.public##DEFAULT_GROUP@@secondkill-auth

2021-07-25 11:13:56,450 INFO [RAFT-NOTIFIER] datum is deleted, key: com.alibaba.nacos.naming.domains.meta.public##DEFAULT_GROUP@@secondkill-goods

2021-07-25 11:13:56,451 INFO [RAFT-NOTIFIER] datum is deleted, key: com.alibaba.nacos.naming.domains.meta.public##DEFAULT_GROUP@@secondkill-order

2021-07-25 11:13:56,451 INFO [RAFT-NOTIFIER] datum is deleted, key: com.alibaba.nacos.naming.domains.meta.public##DEFAULT_GROUP@@secondkill-user

2021-07-25 11:13:56,452 INFO [RAFT-NOTIFIER] datum is deleted, key: com.alibaba.nacos.naming.domains.meta.public##DEFAULT_GROUP@@secondkill-zuul

2021-07-25 11:23:56,941 INFO add listener: com.alibaba.nacos.naming.iplist.public##DEFAULT_GROUP@@secondkill-goods

2021-07-25 11:24:02,218 INFO add listener: com.alibaba.nacos.naming.iplist.public##DEFAULT_GROUP@@secondkill-user

2021-07-25 11:24:10,350 INFO add listener: com.alibaba.nacos.naming.iplist.public##DEFAULT_GROUP@@secondkill-auth

2021-07-25 11:24:15,943 INFO add listener: com.alibaba.nacos.naming.iplist.public##DEFAULT_GROUP@@secondkill-order

2021-07-25 11:24:20,810 INFO add listener: com.alibaba.nacos.naming.iplist.public##DEFAULT_GROUP@@secondkill-zuul

2021-07-25 11:30:56,450 INFO [RAFT-NOTIFIER] datum is deleted, key: com.alibaba.nacos.naming.domains.meta.public##DEFAULT_GROUP@@secondkill-auth

2021-07-25 11:30:56,452 INFO [RAFT-NOTIFIER] datum is deleted, key: com.alibaba.nacos.naming.domains.meta.public##DEFAULT_GROUP@@secondkill-goods

2021-07-25 11:30:56,453 INFO [RAFT-NOTIFIER] datum is deleted, key: com.alibaba.nacos.naming.domains.meta.public##DEFAULT_GROUP@@secondkill-order

2021-07-25 11:30:56,453 INFO [RAFT-NOTIFIER] datum is deleted, key: com.alibaba.nacos.naming.domains.meta.public##DEFAULT_GROUP@@secondkill-user

2021-07-25 11:30:56,454 INFO [RAFT-NOTIFIER] datum is deleted, key: com.alibaba.nacos.naming.domains.meta.public##DEFAULT_GROUP@@secondkill-zuul

2021-07-25 11:45:16,428 INFO add listener: com.alibaba.nacos.naming.iplist.public##DEFAULT_GROUP@@secondkill-goods

2021-07-25 11:45:21,517 INFO add listener: com.alibaba.nacos.naming.iplist.public##DEFAULT_GROUP@@secondkill-user

2021-07-25 11:45:23,143 INFO add listener: com.alibaba.nacos.naming.iplist.public##DEFAULT_GROUP@@secondkill-auth

2021-07-25 11:45:33,353 INFO add listener: com.alibaba.nacos.naming.iplist.public##DEFAULT_GROUP@@secondkill-order

2021-07-25 11:45:38,253 INFO add listener: com.alibaba.nacos.naming.iplist.public##DEFAULT_GROUP@@secondkill-zuul

2021-07-25 11:54:26,448 INFO [RAFT-NOTIFIER] datum is deleted, key: com.alibaba.nacos.naming.domains.meta.public##DEFAULT_GROUP@@secondkill-auth

2021-07-25 11:54:26,450 INFO [RAFT-NOTIFIER] datum is deleted, key: com.alibaba.nacos.naming.domains.meta.public##DEFAULT_GROUP@@secondkill-goods

2021-07-25 11:54:26,451 INFO [RAFT-NOTIFIER] datum is deleted, key: com.alibaba.nacos.naming.domains.meta.public##DEFAULT_GROUP@@secondkill-order

2021-07-25 11:54:26,451 INFO [RAFT-NOTIFIER] datum is deleted, key: com.alibaba.nacos.naming.domains.meta.public##DEFAULT_GROUP@@secondkill-user

2021-07-25 11:54:26,451 INFO [RAFT-NOTIFIER] datum is deleted, key: com.alibaba.nacos.naming.domains.meta.public##DEFAULT_GROUP@@secondkill-zuul

2021-07-25 13:54:35,937 INFO add listener: com.alibaba.nacos.naming.iplist.public##DEFAULT_GROUP@@secondkill-user

2021-07-25 13:54:42,417 INFO add listener: com.alibaba.nacos.naming.iplist.public##DEFAULT_GROUP@@secondkill-auth

2021-07-25 13:54:52,351 INFO add listener: com.alibaba.nacos.naming.iplist.public##DEFAULT_GROUP@@secondkill-order

2021-07-25 13:54:56,150 INFO add listener: com.alibaba.nacos.naming.iplist.public##DEFAULT_GROUP@@secondkill-zuul

2021-07-25 13:56:36,863 INFO add listener: com.alibaba.nacos.naming.iplist.public##DEFAULT_GROUP@@secondkill-goods

2021-07-25 14:02:56,450 INFO [RAFT-NOTIFIER] datum is deleted, key: com.alibaba.nacos.naming.domains.meta.public##DEFAULT_GROUP@@secondkill-auth

2021-07-25 14:02:56,451 INFO [RAFT-NOTIFIER] datum is deleted, key: com.alibaba.nacos.naming.domains.meta.public##DEFAULT_GROUP@@secondkill-goods

2021-07-25 14:02:56,458 INFO [RAFT-NOTIFIER] datum is deleted, key: com.alibaba.nacos.naming.domains.meta.public##DEFAULT_GROUP@@secondkill-order

2021-07-25 14:02:56,459 INFO [RAFT-NOTIFIER] datum is deleted, key: com.alibaba.nacos.naming.domains.meta.public##DEFAULT_GROUP@@secondkill-user

2021-07-25 14:02:56,460 INFO [RAFT-NOTIFIER] datum is deleted, key: com.alibaba.nacos.naming.domains.meta.public##DEFAULT_GROUP@@secondkill-zuul

2021-07-25 14:04:28,772 INFO add listener: com.alibaba.nacos.naming.iplist.public##DEFAULT_GROUP@@secondkill-user

2021-07-25 14:07:26,448 INFO [RAFT-NOTIFIER] datum is deleted, key: com.alibaba.nacos.naming.domains.meta.public##DEFAULT_GROUP@@secondkill-user

2021-07-25 14:13:32,599 INFO add listener: com.alibaba.nacos.naming.iplist.public##DEFAULT_GROUP@@secondkill-goods

2021-07-25 14:13:36,808 INFO add listener: com.alibaba.nacos.naming.iplist.public##DEFAULT_GROUP@@secondkill-user

2021-07-25 14:13:42,968 INFO add listener: com.alibaba.nacos.naming.iplist.public##DEFAULT_GROUP@@secondkill-auth

2021-07-25 14:13:46,813 INFO add listener: com.alibaba.nacos.naming.iplist.public##DEFAULT_GROUP@@secondkill-order

2021-07-25 14:13:54,237 INFO add listener: com.alibaba.nacos.naming.iplist.public##DEFAULT_GROUP@@secondkill-zuul

2021-07-25 14:20:56,449 INFO [RAFT-NOTIFIER] datum is deleted, key: com.alibaba.nacos.naming.domains.meta.public##DEFAULT_GROUP@@secondkill-auth

2021-07-25 14:20:56,449 INFO [RAFT-NOTIFIER] datum is deleted, key: com.alibaba.nacos.naming.domains.meta.public##DEFAULT_GROUP@@secondkill-goods

2021-07-25 14:20:56,449 INFO [RAFT-NOTIFIER] datum is deleted, key: com.alibaba.nacos.naming.domains.meta.public##DEFAULT_GROUP@@secondkill-order

2021-07-25 14:20:56,451 INFO [RAFT-NOTIFIER] datum is deleted, key: com.alibaba.nacos.naming.domains.meta.public##DEFAULT_GROUP@@secondkill-user

2021-07-25 14:20:56,451 INFO [RAFT-NOTIFIER] datum is deleted, key: com.alibaba.nacos.naming.domains.meta.public##DEFAULT_GROUP@@secondkill-zuul

2021-07-25 15:50:30,432 INFO add listener: com.alibaba.nacos.naming.iplist.public##DEFAULT_GROUP@@secondkill-auth

2021-07-25 16:05:40,559 INFO add listener: com.alibaba.nacos.naming.iplist.public##DEFAULT_GROUP@@secondkill-goods

2021-07-25 16:05:45,679 INFO add listener: com.alibaba.nacos.naming.iplist.public##DEFAULT_GROUP@@secondkill-user

2021-07-25 16:06:27,866 INFO add listener: com.alibaba.nacos.naming.iplist.public##DEFAULT_GROUP@@secondkill-zuul

2021-07-25 16:09:56,449 INFO [RAFT-NOTIFIER] datum is deleted, key: com.alibaba.nacos.naming.domains.meta.public##DEFAULT_GROUP@@secondkill-auth

2021-07-25 16:09:56,449 INFO [RAFT-NOTIFIER] datum is deleted, key: com.alibaba.nacos.naming.domains.meta.public##DEFAULT_GROUP@@secondkill-goods

2021-07-25 16:09:56,450 INFO [RAFT-NOTIFIER] datum is deleted, key: com.alibaba.nacos.naming.domains.meta.public##DEFAULT_GROUP@@secondkill-user

2021-07-25 16:09:56,450 INFO [RAFT-NOTIFIER] datum is deleted, key: com.alibaba.nacos.naming.domains.meta.public##DEFAULT_GROUP@@secondkill-zuul

2021-07-25 16:16:22,983 INFO add listener: com.alibaba.nacos.naming.iplist.public##DEFAULT_GROUP@@secondkill-goods

2021-07-25 16:16:29,391 INFO add listener: com.alibaba.nacos.naming.iplist.public##DEFAULT_GROUP@@secondkill-user

2021-07-25 16:16:30,019 INFO add listener: com.alibaba.nacos.naming.iplist.public##DEFAULT_GROUP@@secondkill-auth

2021-07-25 16:16:31,378 INFO add listener: com.alibaba.nacos.naming.iplist.public##DEFAULT_GROUP@@secondkill-order

2021-07-25 16:16:32,637 INFO add listener: com.alibaba.nacos.naming.iplist.public##DEFAULT_GROUP@@secondkill-zuul

