2021-05-04 21:46:55,306 INFO notifyConnectTimeout:200

2021-05-04 21:46:55,883 INFO notifySocketTimeout:8000

2021-05-04 21:46:55,883 INFO isHealthCheck:true

2021-05-04 21:46:55,883 INFO maxHealthCheckFailCount:12

2021-05-04 21:46:55,883 INFO maxContent:10485760

2021-05-04 21:47:04,035 INFO use local db service for init

2021-05-04 21:47:06,037 WARN Lexical error at line 4, column 66.  Encountered: <EOF> after : "".

2021-05-04 21:47:06,066 WARN Syntax error: Encountered "*" at line 1, column 1.

2021-05-04 21:47:06,154 WARN Table/View 'CONFIG_INFO' already exists in Schema 'NACOS'.

2021-05-04 21:47:06,386 WARN Table/View 'HIS_CONFIG_INFO' already exists in Schema 'NACOS'.

2021-05-04 21:47:06,476 WARN Table/View 'CONFIG_INFO_BETA' already exists in Schema 'NACOS'.

2021-05-04 21:47:06,530 WARN Table/View 'CONFIG_INFO_TAG' already exists in Schema 'NACOS'.

2021-05-04 21:47:06,563 WARN Table/View 'CONFIG_INFO_AGGR' already exists in Schema 'NACOS'.

2021-05-04 21:47:06,608 WARN Table/View 'APP_LIST' already exists in Schema 'NACOS'.

2021-05-04 21:47:06,642 WARN Table/View 'APP_CONFIGDATA_RELATION_SUBS' already exists in Schema 'NACOS'.

2021-05-04 21:47:06,675 WARN Table/View 'APP_CONFIGDATA_RELATION_PUBS' already exists in Schema 'NACOS'.

2021-05-04 21:47:06,709 WARN Table/View 'CONFIG_TAGS_RELATION' already exists in Schema 'NACOS'.

2021-05-04 21:47:07,106 WARN Table/View 'GROUP_CAPACITY' already exists in Schema 'NACOS'.

2021-05-04 21:47:07,138 WARN Table/View 'TENANT_CAPACITY' already exists in Schema 'NACOS'.

2021-05-04 21:47:07,172 WARN Table/View 'TENANT_INFO' already exists in Schema 'NACOS'.

2021-05-04 21:47:07,217 WARN Table/View 'USERS' already exists in Schema 'NACOS'.

2021-05-04 21:47:07,262 WARN Table/View 'ROLES' already exists in Schema 'NACOS'.

2021-05-04 21:47:07,295 WARN Table/View 'PERMISSIONS' already exists in Schema 'NACOS'.

2021-05-04 21:47:07,480 WARN The statement was aborted because it would have caused a duplicate key value in a unique or primary key constraint or unique index identified by 'SQL210130222113100' defined on 'USERS'.

2021-05-04 21:47:07,494 WARN The statement was aborted because it would have caused a duplicate key value in a unique or primary key constraint or unique index identified by 'UK_USERNAME_ROLE' defined on 'ROLES'.

2021-05-04 21:47:07,494 WARN Lexical error at line 4, column 13.  Encountered: "`" (96), after : "".

2021-05-04 21:47:07,495 WARN Lexical error at line 1, column 13.  Encountered: "`" (96), after : "".

2021-05-04 21:47:07,495 WARN Lexical error at line 1, column 13.  Encountered: "`" (96), after : "".

2021-05-04 21:47:07,495 WARN Lexical error at line 1, column 13.  Encountered: "`" (96), after : "".

2021-05-04 21:47:07,496 INFO use StandaloneDatabaseOperateImpl

2021-05-04 21:47:09,617 WARN DumpService start

2021-05-04 21:47:09,620 INFO start clear all config-info.

2021-05-04 21:47:09,623 WARN clear all config-info failed.

2021-05-04 21:47:09,623 WARN clear all config-info-tenant failed.

2021-05-04 21:47:09,814 INFO start clear all config-info-beta.

2021-05-04 21:47:09,814 WARN clear all config-info-beta failed.

2021-05-04 21:47:09,814 WARN clear all config-info-beta-tenant failed.

2021-05-04 21:47:09,852 INFO start clear all config-info-tag.

2021-05-04 21:47:09,852 WARN clear all config-info-tag failed.

2021-05-04 21:47:09,852 WARN clear all config-info-tag-tenant failed.

