2021-05-05 00:02:40,975 INFO PERFORMANCE:|5|5|-1|-1

2021-05-05 00:07:41,561 INFO PERFORMANCE:|5|5|-1|-1

2021-05-05 00:12:41,564 INFO PERFORMANCE:|5|5|-1|-1

2021-05-05 00:17:41,566 INFO PERFORMANCE:|5|5|-1|-1

2021-05-05 00:22:41,569 INFO PERFORMANCE:|5|5|-1|-1

2021-05-05 00:27:41,573 INFO PERFORMANCE:|5|5|-1|-1

2021-05-05 00:32:41,578 INFO PERFORMANCE:|5|5|-1|-1

2021-05-05 00:37:41,583 INFO PERFORMANCE:|5|5|-1|-1

2021-05-05 00:42:41,589 INFO PERFORMANCE:|5|5|-1|-1

2021-05-05 00:47:41,593 INFO PERFORMANCE:|5|5|-1|-1

2021-05-05 00:52:41,599 INFO PERFORMANCE:|5|5|-1|-1

2021-05-05 00:57:41,603 INFO PERFORMANCE:|5|5|-1|-1

2021-05-05 01:02:41,608 INFO PERFORMANCE:|5|5|-1|-1

2021-05-05 01:07:41,614 INFO PERFORMANCE:|5|5|-1|-1

2021-05-05 01:12:41,619 INFO PERFORMANCE:|5|5|-1|-1

2021-05-05 01:17:41,623 INFO PERFORMANCE:|5|5|-1|-1

2021-05-05 01:22:41,628 INFO PERFORMANCE:|5|5|-1|-1

2021-05-05 01:27:41,632 INFO PERFORMANCE:|5|5|-1|-1

2021-05-05 01:32:41,635 INFO PERFORMANCE:|5|5|-1|-1

2021-05-05 01:37:41,637 INFO PERFORMANCE:|5|5|-1|-1

2021-05-05 01:42:41,641 INFO PERFORMANCE:|5|5|-1|-1

2021-05-05 01:47:41,644 INFO PERFORMANCE:|5|5|-1|-1

2021-05-05 01:52:41,647 INFO PERFORMANCE:|5|5|-1|-1

2021-05-05 01:57:41,649 INFO PERFORMANCE:|5|5|-1|-1

2021-05-05 02:02:41,651 INFO PERFORMANCE:|5|5|-1|-1

2021-05-05 02:07:41,654 INFO PERFORMANCE:|5|5|-1|-1

2021-05-05 02:12:41,656 INFO PERFORMANCE:|5|5|-1|-1

2021-05-05 02:17:41,659 INFO PERFORMANCE:|5|5|-1|-1

2021-05-05 02:22:41,662 INFO PERFORMANCE:|5|5|-1|-1

2021-05-05 02:27:41,665 INFO PERFORMANCE:|5|5|-1|-1

2021-05-05 02:32:41,669 INFO PERFORMANCE:|5|5|-1|-1

2021-05-05 02:37:41,671 INFO PERFORMANCE:|5|5|-1|-1

2021-05-05 02:42:41,674 INFO PERFORMANCE:|5|5|-1|-1

2021-05-05 02:47:41,677 INFO PERFORMANCE:|5|5|-1|-1

2021-05-05 02:52:41,679 INFO PERFORMANCE:|5|5|-1|-1

2021-05-05 02:57:41,682 INFO PERFORMANCE:|5|5|-1|-1

2021-05-05 03:02:41,686 INFO PERFORMANCE:|5|5|-1|-1

2021-05-05 03:07:41,691 INFO PERFORMANCE:|5|5|-1|-1

2021-05-05 03:12:41,696 INFO PERFORMANCE:|5|5|-1|-1

2021-05-05 03:17:41,700 INFO PERFORMANCE:|5|5|-1|-1

2021-05-05 03:22:41,704 INFO PERFORMANCE:|5|5|-1|-1

2021-05-05 03:27:41,709 INFO PERFORMANCE:|5|5|-1|-1

2021-05-05 03:32:41,713 INFO PERFORMANCE:|5|5|-1|-1

2021-05-05 03:37:41,717 INFO PERFORMANCE:|5|5|-1|-1

2021-05-05 03:42:41,722 INFO PERFORMANCE:|5|5|-1|-1

2021-05-05 03:47:41,727 INFO PERFORMANCE:|5|5|-1|-1

2021-05-05 03:52:41,732 INFO PERFORMANCE:|5|5|-1|-1

2021-05-05 03:57:41,736 INFO PERFORMANCE:|5|5|-1|-1

2021-05-05 04:02:41,740 INFO PERFORMANCE:|5|5|-1|-1

2021-05-05 04:07:41,745 INFO PERFORMANCE:|5|5|-1|-1

2021-05-05 04:12:41,750 INFO PERFORMANCE:|5|5|-1|-1

2021-05-05 04:17:41,754 INFO PERFORMANCE:|5|5|-1|-1

2021-05-05 04:22:41,759 INFO PERFORMANCE:|5|5|-1|-1

2021-05-05 04:27:41,763 INFO PERFORMANCE:|5|5|-1|-1

2021-05-05 04:32:41,768 INFO PERFORMANCE:|5|5|-1|-1

2021-05-05 04:37:41,773 INFO PERFORMANCE:|5|5|-1|-1

2021-05-05 04:42:41,778 INFO PERFORMANCE:|5|5|-1|-1

2021-05-05 04:47:41,783 INFO PERFORMANCE:|5|5|-1|-1

2021-05-05 04:52:41,788 INFO PERFORMANCE:|5|5|-1|-1

2021-05-05 04:57:41,793 INFO PERFORMANCE:|5|5|-1|-1

2021-05-05 05:02:41,798 INFO PERFORMANCE:|5|5|-1|-1

2021-05-05 05:07:41,802 INFO PERFORMANCE:|5|5|-1|-1

2021-05-05 05:12:41,807 INFO PERFORMANCE:|5|5|-1|-1

2021-05-05 05:17:41,812 INFO PERFORMANCE:|5|5|-1|-1

2021-05-05 05:22:41,817 INFO PERFORMANCE:|5|5|-1|-1

2021-05-05 05:27:41,821 INFO PERFORMANCE:|5|5|-1|-1

2021-05-05 05:32:41,826 INFO PERFORMANCE:|5|5|-1|-1

2021-05-05 05:37:41,831 INFO PERFORMANCE:|5|5|-1|-1

2021-05-05 05:42:41,835 INFO PERFORMANCE:|5|5|-1|-1

2021-05-05 05:47:41,840 INFO PERFORMANCE:|5|5|-1|-1

2021-05-05 05:52:41,844 INFO PERFORMANCE:|5|5|-1|-1

2021-05-05 05:57:41,849 INFO PERFORMANCE:|5|5|-1|-1

2021-05-05 06:02:41,854 INFO PERFORMANCE:|5|5|-1|-1

2021-05-05 06:07:41,860 INFO PERFORMANCE:|5|5|-1|-1

2021-05-05 06:12:41,865 INFO PERFORMANCE:|5|5|-1|-1

2021-05-05 06:17:41,870 INFO PERFORMANCE:|5|5|-1|-1

2021-05-05 06:22:41,876 INFO PERFORMANCE:|5|5|-1|-1

2021-05-05 06:27:41,881 INFO PERFORMANCE:|5|5|-1|-1

2021-05-05 06:32:41,889 INFO PERFORMANCE:|5|5|-1|-1

2021-05-05 06:37:41,901 INFO PERFORMANCE:|5|5|-1|-1

2021-05-05 06:42:41,913 INFO PERFORMANCE:|5|5|-1|-1

2021-05-05 06:47:41,925 INFO PERFORMANCE:|5|5|-1|-1

2021-05-05 06:52:41,938 INFO PERFORMANCE:|5|5|-1|-1

2021-05-05 06:57:41,951 INFO PERFORMANCE:|5|5|-1|-1

2021-05-05 07:02:41,964 INFO PERFORMANCE:|5|5|-1|-1

2021-05-05 07:07:41,976 INFO PERFORMANCE:|5|5|-1|-1

2021-05-05 07:12:41,988 INFO PERFORMANCE:|5|5|-1|-1

2021-05-05 07:17:42,001 INFO PERFORMANCE:|5|5|-1|-1

2021-05-05 07:22:42,013 INFO PERFORMANCE:|5|5|-1|-1

2021-05-05 07:27:42,027 INFO PERFORMANCE:|5|5|-1|-1

2021-05-05 07:32:42,036 INFO PERFORMANCE:|5|5|-1|-1

2021-05-05 07:37:42,042 INFO PERFORMANCE:|5|5|-1|-1

2021-05-05 07:42:42,048 INFO PERFORMANCE:|5|5|-1|-1

2021-05-05 07:47:42,054 INFO PERFORMANCE:|5|5|-1|-1

2021-05-05 07:52:42,061 INFO PERFORMANCE:|5|5|-1|-1

2021-05-05 07:57:42,068 INFO PERFORMANCE:|5|5|-1|-1

2021-05-05 08:02:42,075 INFO PERFORMANCE:|5|5|-1|-1

2021-05-05 08:07:42,082 INFO PERFORMANCE:|5|5|-1|-1

2021-05-05 08:12:42,089 INFO PERFORMANCE:|5|5|-1|-1

2021-05-05 08:17:42,096 INFO PERFORMANCE:|5|5|-1|-1

2021-05-05 08:22:42,103 INFO PERFORMANCE:|5|5|-1|-1

2021-05-05 08:27:42,109 INFO PERFORMANCE:|5|5|-1|-1

2021-05-05 08:32:42,116 INFO PERFORMANCE:|5|5|-1|-1

2021-05-05 08:37:42,122 INFO PERFORMANCE:|5|5|-1|-1

2021-05-05 08:42:42,129 INFO PERFORMANCE:|5|5|-1|-1

2021-05-05 08:47:42,136 INFO PERFORMANCE:|5|5|-1|-1

2021-05-05 08:52:42,142 INFO PERFORMANCE:|5|5|-1|-1

2021-05-05 08:57:42,149 INFO PERFORMANCE:|5|5|-1|-1

2021-05-05 09:02:42,157 INFO PERFORMANCE:|5|5|-1|-1

2021-05-05 09:07:42,163 INFO PERFORMANCE:|5|5|-1|-1

2021-05-05 09:12:42,170 INFO PERFORMANCE:|5|5|-1|-1

2021-05-05 09:17:42,177 INFO PERFORMANCE:|5|5|-1|-1

2021-05-05 09:22:42,183 INFO PERFORMANCE:|5|5|-1|-1

2021-05-05 09:27:42,190 INFO PERFORMANCE:|5|5|-1|-1

2021-05-05 09:32:42,196 INFO PERFORMANCE:|5|5|-1|-1

2021-05-05 09:37:42,201 INFO PERFORMANCE:|5|5|-1|-1

2021-05-05 09:42:42,207 INFO PERFORMANCE:|5|5|-1|-1

2021-05-05 09:47:42,212 INFO PERFORMANCE:|5|5|-1|-1

2021-05-05 09:52:42,217 INFO PERFORMANCE:|5|5|-1|-1

2021-05-05 09:57:42,221 INFO PERFORMANCE:|5|5|-1|-1

2021-05-05 10:02:42,226 INFO PERFORMANCE:|5|5|-1|-1

2021-05-05 10:07:42,231 INFO PERFORMANCE:|5|5|-1|-1

2021-05-05 10:12:42,236 INFO PERFORMANCE:|5|5|-1|-1

2021-05-05 10:17:42,241 INFO PERFORMANCE:|5|5|-1|-1

2021-05-05 10:22:42,245 INFO PERFORMANCE:|5|5|-1|-1

2021-05-05 10:27:42,250 INFO PERFORMANCE:|5|5|-1|-1

2021-05-05 10:32:42,262 INFO PERFORMANCE:|5|5|-1|-1

2021-05-05 10:37:42,277 INFO PERFORMANCE:|5|5|-1|-1

2021-05-05 10:42:42,291 INFO PERFORMANCE:|5|5|-1|-1

2021-05-05 10:47:42,306 INFO PERFORMANCE:|5|5|-1|-1

2021-05-05 10:52:42,321 INFO PERFORMANCE:|5|5|-1|-1

2021-05-05 10:57:42,335 INFO PERFORMANCE:|5|5|-1|-1

2021-05-05 11:02:42,349 INFO PERFORMANCE:|5|5|-1|-1

2021-05-05 11:07:42,364 INFO PERFORMANCE:|5|5|-1|-1

2021-05-05 11:12:42,379 INFO PERFORMANCE:|5|5|-1|-1

2021-05-05 11:17:42,394 INFO PERFORMANCE:|5|5|-1|-1

2021-05-05 11:22:42,408 INFO PERFORMANCE:|5|5|-1|-1

2021-05-05 11:27:42,422 INFO PERFORMANCE:|5|5|-1|-1

2021-05-05 11:32:42,434 INFO PERFORMANCE:|5|5|-1|-1

2021-05-05 11:37:42,444 INFO PERFORMANCE:|5|5|-1|-1

2021-05-05 11:42:42,454 INFO PERFORMANCE:|5|5|-1|-1

2021-05-05 11:47:42,464 INFO PERFORMANCE:|5|5|-1|-1

2021-05-05 11:52:42,474 INFO PERFORMANCE:|5|5|-1|-1

2021-05-05 11:57:42,484 INFO PERFORMANCE:|5|5|-1|-1

2021-05-05 12:02:42,494 INFO PERFORMANCE:|5|5|-1|-1

2021-05-05 12:07:42,505 INFO PERFORMANCE:|5|5|-1|-1

2021-05-05 12:12:42,515 INFO PERFORMANCE:|5|5|-1|-1

2021-05-05 12:17:42,525 INFO PERFORMANCE:|5|5|-1|-1

2021-05-05 12:22:42,535 INFO PERFORMANCE:|5|5|-1|-1

2021-05-05 12:27:42,546 INFO PERFORMANCE:|5|5|-1|-1

2021-05-05 12:32:42,555 INFO PERFORMANCE:|5|5|-1|-1

2021-05-05 12:37:42,563 INFO PERFORMANCE:|5|5|-1|-1

2021-05-05 12:42:42,571 INFO PERFORMANCE:|5|5|-1|-1

2021-05-05 12:47:42,580 INFO PERFORMANCE:|5|5|-1|-1

2021-05-05 12:52:42,588 INFO PERFORMANCE:|5|5|-1|-1

2021-05-05 12:57:42,596 INFO PERFORMANCE:|5|5|-1|-1

2021-05-05 13:02:42,605 INFO PERFORMANCE:|5|5|-1|-1

2021-05-05 13:07:42,614 INFO PERFORMANCE:|5|5|-1|-1

2021-05-05 13:12:42,623 INFO PERFORMANCE:|5|5|-1|-1

2021-05-05 13:17:42,631 INFO PERFORMANCE:|5|5|-1|-1

2021-05-05 13:22:42,640 INFO PERFORMANCE:|5|5|-1|-1

2021-05-05 13:27:42,649 INFO PERFORMANCE:|5|5|-1|-1

2021-05-05 13:32:42,657 INFO PERFORMANCE:|5|5|-1|-1

2021-05-05 13:37:42,666 INFO PERFORMANCE:|5|5|-1|-1

2021-05-05 13:42:42,675 INFO PERFORMANCE:|5|5|-1|-1

2021-05-05 13:47:42,683 INFO PERFORMANCE:|5|5|-1|-1

2021-05-05 13:52:42,692 INFO PERFORMANCE:|5|5|-1|-1

2021-05-05 13:57:42,701 INFO PERFORMANCE:|5|5|-1|-1

2021-05-05 14:02:42,710 INFO PERFORMANCE:|5|5|-1|-1

2021-05-05 14:07:42,719 INFO PERFORMANCE:|5|5|-1|-1

2021-05-05 14:12:42,728 INFO PERFORMANCE:|5|5|-1|-1

2021-05-05 14:17:42,736 INFO PERFORMANCE:|5|5|-1|-1

2021-05-05 14:22:42,745 INFO PERFORMANCE:|5|5|-1|-1

2021-05-05 14:27:42,753 INFO PERFORMANCE:|5|5|-1|-1

2021-05-05 14:32:42,760 INFO PERFORMANCE:|5|5|-1|-1

2021-05-05 14:37:42,767 INFO PERFORMANCE:|5|5|-1|-1

2021-05-05 14:42:42,774 INFO PERFORMANCE:|5|5|-1|-1

2021-05-05 14:47:42,780 INFO PERFORMANCE:|5|5|-1|-1

2021-05-05 14:52:42,786 INFO PERFORMANCE:|5|5|-1|-1

2021-05-05 14:57:42,793 INFO PERFORMANCE:|5|5|-1|-1

2021-05-05 15:02:42,801 INFO PERFORMANCE:|5|5|-1|-1

2021-05-05 15:07:42,808 INFO PERFORMANCE:|5|5|-1|-1

2021-05-05 15:12:42,815 INFO PERFORMANCE:|5|5|-1|-1

2021-05-05 15:17:42,821 INFO PERFORMANCE:|5|5|-1|-1

2021-05-05 15:22:42,828 INFO PERFORMANCE:|5|5|-1|-1

2021-05-05 15:27:42,835 INFO PERFORMANCE:|5|5|-1|-1

2021-05-05 15:32:42,839 INFO PERFORMANCE:|5|5|-1|-1

2021-05-05 15:37:42,843 INFO PERFORMANCE:|5|5|-1|-1

2021-05-05 15:42:42,872 INFO PERFORMANCE:|5|5|-1|-1

2021-05-05 15:47:42,877 INFO PERFORMANCE:|5|5|-1|-1

2021-05-05 15:52:42,882 INFO PERFORMANCE:|5|5|-1|-1

2021-05-05 15:57:42,887 INFO PERFORMANCE:|5|5|-1|-1

2021-05-05 16:02:42,891 INFO PERFORMANCE:|5|5|-1|-1

2021-05-05 16:07:42,896 INFO PERFORMANCE:|5|5|-1|-1

2021-05-05 16:12:42,901 INFO PERFORMANCE:|5|5|-1|-1

2021-05-05 16:17:42,905 INFO PERFORMANCE:|5|5|-1|-1

2021-05-05 16:22:42,910 INFO PERFORMANCE:|5|5|-1|-1

2021-05-05 16:27:42,914 INFO PERFORMANCE:|5|5|-1|-1

2021-05-05 16:32:42,919 INFO PERFORMANCE:|5|5|-1|-1

2021-05-05 16:37:42,924 INFO PERFORMANCE:|5|5|-1|-1

2021-05-05 16:42:42,929 INFO PERFORMANCE:|5|5|-1|-1

2021-05-05 16:47:42,934 INFO PERFORMANCE:|5|5|-1|-1

2021-05-05 16:52:42,940 INFO PERFORMANCE:|5|5|-1|-1

2021-05-05 16:57:42,944 INFO PERFORMANCE:|5|5|-1|-1

2021-05-05 17:02:42,949 INFO PERFORMANCE:|5|5|-1|-1

2021-05-05 17:07:42,954 INFO PERFORMANCE:|5|5|-1|-1

2021-05-05 17:12:42,959 INFO PERFORMANCE:|5|5|-1|-1

2021-05-05 17:17:42,964 INFO PERFORMANCE:|5|5|-1|-1

2021-05-05 17:22:42,969 INFO PERFORMANCE:|5|5|-1|-1

